<?xml version="1.0" encoding="UTF-8"?>
<!-- Generated by org.testng.reporters.JUnitXMLReporter -->
<testsuite ignored="1" hostname="HakimiLaptop" failures="0" tests="1" name="Default test(failed)" time="0.043" errors="0" timestamp="2022-11-16T18:25:29 EST">
  <testcase classname="testNGSeconDay.Assertion" name="hardAssert" time="0.012"/>
  <testcase classname="testNGSeconDay.Assertion" name="softAssert" time="0.0">
    <ignored/>
  </testcase> <!-- softAssert -->
</testsuite> <!-- Default test(failed) -->
