<?xml version="1.0" encoding="UTF-8"?>
<testng-results ignored="0" total="1" passed="1" failed="0" skipped="0">
  <reporter-output>
  </reporter-output>
  <suite started-at="2022-11-17T19:39:00 EST" name="Smoke Test Suite" finished-at="2022-11-17T19:39:03 EST" duration-ms="3181">
    <groups>
    </groups>
    <test started-at="2022-11-17T19:39:00 EST" name="Client Test" finished-at="2022-11-17T19:39:03 EST" duration-ms="3181">
      <class name="tek.sdet.testng.tests.smoke.TestNGParameterExample">
        <test-method is-config="true" signature="setUpTest()[pri:0, instance:tek.sdet.testng.tests.smoke.TestNGParameterExample@5fd4f8f5]" started-at="2022-11-17T19:39:00 EST" name="setUpTest" finished-at="2022-11-17T19:39:03 EST" duration-ms="2459" status="PASS">
          <reporter-output>
          </reporter-output>
        </test-method> <!-- setUpTest -->
        <test-method is-config="true" signature="initialTest()[pri:0, instance:tek.sdet.testng.tests.smoke.TestNGParameterExample@5fd4f8f5]" started-at="2022-11-17T19:39:03 EST" name="initialTest" finished-at="2022-11-17T19:39:03 EST" duration-ms="15" status="PASS">
          <reporter-output>
          </reporter-output>
        </test-method> <!-- initialTest -->
        <test-method signature="loginWithParametersExample(java.lang.String,java.lang.String)[pri:0, instance:tek.sdet.testng.tests.smoke.TestNGParameterExample@5fd4f8f5]" started-at="2022-11-17T19:39:03 EST" name="loginWithParametersExample" finished-at="2022-11-17T19:39:03 EST" duration-ms="271" status="PASS">
          <params>
            <param index="0">
              <value>
                <![CDATA[supervisor]]>
              </value>
            </param>
            <param index="1">
              <value>
                <![CDATA[tek_supervisor]]>
              </value>
            </param>
          </params>
          <reporter-output>
          </reporter-output>
        </test-method> <!-- loginWithParametersExample -->
        <test-method is-config="true" signature="closeTest(org.testng.ITestResult)[pri:0, instance:tek.sdet.testng.tests.smoke.TestNGParameterExample@5fd4f8f5]" started-at="2022-11-17T19:39:03 EST" name="closeTest" finished-at="2022-11-17T19:39:03 EST" duration-ms="148" status="PASS">
          <params>
            <param index="0">
              <value>
                <![CDATA[[TestResult name=loginWithParametersExample status=SUCCESS method=TestNGParameterExample.loginWithParametersExample(java.lang.String,java.lang.String)[pri:0, instance:tek.sdet.testng.tests.smoke.TestNGParameterExample@5fd4f8f5] output={null}]]]>
              </value>
            </param>
          </params>
          <reporter-output>
          </reporter-output>
        </test-method> <!-- closeTest -->
      </class> <!-- tek.sdet.testng.tests.smoke.TestNGParameterExample -->
    </test> <!-- Client Test -->
  </suite> <!-- Smoke Test Suite -->
</testng-results>
