<?xml version="1.0" encoding="UTF-8"?>
<!-- Generated by org.testng.reporters.JUnitXMLReporter -->
<testsuite ignored="0" hostname="HakimiLaptop" failures="0" tests="4" name="TestNG Concepts Test" time="9.336" errors="0" timestamp="2022-12-01T14:58:20 EST">
  <testcase classname="testNGConcepts.SignUpTest" name="testSignUp" time="0.316"/>
  <testcase classname="testNGConcepts.SignUpTest" name="testSignUp" time="0.338"/>
  <testcase classname="testNGConcepts.SignUpTest" name="testSignUp" time="0.293"/>
  <testcase classname="testNGConcepts.SignUpTest" name="testSignUp" time="0.336"/>
</testsuite> <!-- TestNG Concepts Test -->
