<?xml version="1.0" encoding="UTF-8"?>
<testng-results ignored="0" total="1" passed="1" failed="0" skipped="0">
  <reporter-output>
  </reporter-output>
  <suite started-at="2022-12-10T02:33:03 EST" name="CreateAccount" finished-at="2022-12-10T02:33:27 EST" duration-ms="24646">
    <groups>
    </groups>
    <test started-at="2022-12-10T02:33:03 EST" name="Facebook Test" finished-at="2022-12-10T02:33:27 EST" duration-ms="24646">
      <class name="testNG4Day.FaceBookCreateAccount">
        <test-method is-config="true" signature="setup()[pri:0, instance:testNG4Day.FaceBookCreateAccount@1ffaf86]" started-at="2022-12-10T02:33:03 EST" name="setup" finished-at="2022-12-10T02:33:06 EST" duration-ms="3886" status="PASS">
          <reporter-output>
          </reporter-output>
        </test-method> <!-- setup -->
        <test-method signature="testOne(java.lang.String,java.lang.String,java.lang.String,java.lang.String,java.lang.String,java.lang.String,java.lang.String)[pri:0, instance:testNG4Day.FaceBookCreateAccount@1ffaf86]" started-at="2022-12-10T02:33:06 EST" name="testOne" finished-at="2022-12-10T02:33:11 EST" duration-ms="4476" status="PASS">
          <params>
            <param index="0">
              <value>
                <![CDATA[feraidon]]>
              </value>
            </param>
            <param index="1">
              <value>
                <![CDATA[Hakimi]]>
              </value>
            </param>
            <param index="2">
              <value>
                <![CDATA[hakimi@gmail.com]]>
              </value>
            </param>
            <param index="3">
              <value>
                <![CDATA[Qwerfghy1@]]>
              </value>
            </param>
            <param index="4">
              <value>
                <![CDATA[3]]>
              </value>
            </param>
            <param index="5">
              <value>
                <![CDATA[28]]>
              </value>
            </param>
            <param index="6">
              <value>
                <![CDATA[1999]]>
              </value>
            </param>
          </params>
          <reporter-output>
          </reporter-output>
        </test-method> <!-- testOne -->
        <test-method is-config="true" signature="close()[pri:0, instance:testNG4Day.FaceBookCreateAccount@1ffaf86]" started-at="2022-12-10T02:33:11 EST" name="close" finished-at="2022-12-10T02:33:27 EST" duration-ms="16246" status="PASS">
          <reporter-output>
          </reporter-output>
        </test-method> <!-- close -->
      </class> <!-- testNG4Day.FaceBookCreateAccount -->
    </test> <!-- Facebook Test -->
  </suite> <!-- CreateAccount -->
</testng-results>
